<?xml version="1.0" encoding="UTF-8"?>
<!-- Generated by org.testng.reporters.JUnitReportReporter -->
<testsuite hostname="Rohans-MacBook-Air.local" failures="0" tests="11" name="com.capitalone.qa.testcases.coHomePageTest" time="82.064" errors="0" timestamp="20 Feb 2018 18:20:33 GMT" skipped="0">
  <testcase classname="com.capitalone.qa.testcases.coHomePageTest" name="HomePageTitleTest" time="8.280"/>
  <testcase classname="com.capitalone.qa.testcases.coHomePageTest" name="FAQLinkLabelTest" time="5.418"/>
  <testcase classname="com.capitalone.qa.testcases.coHomePageTest" name="ContactUsLinkLabelTest" time="4.812"/>
  <testcase classname="com.capitalone.qa.testcases.coHomePageTest" name="OurCreditCardsDDLinkTest" time="7.470"/>
  <testcase classname="com.capitalone.qa.testcases.coHomePageTest" name="WhyCapitalOneLinkTest" time="7.722"/>
  <testcase classname="com.capitalone.qa.testcases.coHomePageTest" name="CapitalOneLogoTest" time="7.069"/>
  <testcase classname="com.capitalone.qa.testcases.coHomePageTest" name="FAQLinkClickTest" time="6.210"/>
  <testcase classname="com.capitalone.qa.testcases.coHomePageTest" name="ContactUsLinkClickTest" time="9.989"/>
  <testcase classname="com.capitalone.qa.testcases.coHomePageTest" name="OurCreditCardDDLinkClickTest" time="7.323"/>
  <testcase classname="com.capitalone.qa.testcases.coHomePageTest" name="ViewAllCreditCardClickTest" time="6.955"/>
  <testcase classname="com.capitalone.qa.testcases.coHomePageTest" name="WhyCapitalOneClickTest" time="10.816"/>
</testsuite> <!-- com.capitalone.qa.testcases.coHomePageTest -->
