<?xml version="1.0" encoding="UTF-8"?>
<!-- Generated by org.testng.reporters.JUnitReportReporter -->
<testsuite hostname="Rohans-MacBook-Air.local" failures="0" tests="1" name="com.capitalone.qa.testcases.coFAQPageTest" time="10.396" errors="0" timestamp="20 Feb 2018 18:15:48 GMT" skipped="0">
  <testcase classname="com.capitalone.qa.testcases.coFAQPageTest" name="FAQPageTitleTest" time="10.396"/>
</testsuite> <!-- com.capitalone.qa.testcases.coFAQPageTest -->
